<?xml version="1.0" encoding="UTF-8"?>
<!-- Generated by org.testng.reporters.JUnitReportReporter -->
<testsuite hostname="DESKTOP-FFQQAKU" failures="0" tests="1" name="com.vmo.test.testH" time="2.017" errors="0" timestamp="2022-07-14T10:13:41 ICT" skipped="0">
  <testcase classname="com.vmo.test.testH" name="test" time="2.017"/>
  <system-out/>
</testsuite> <!-- com.vmo.test.testH -->
