<?xml version="1.0" encoding="UTF-8"?>
<!-- Generated by org.testng.reporters.JUnitReportReporter -->
<testsuite hostname="DESKTOP-FFQQAKU" failures="0" tests="1" name="com.vmo.test.DemoTest" time="71.360" errors="0" timestamp="2022-06-07T14:03:01 ICT" skipped="0">
  <testcase classname="com.vmo.test.DemoTest" name="Test_01" time="71.360"/>
  <system-out/>
</testsuite> <!-- com.vmo.test.DemoTest -->
